<?xml version="1.0" encoding="UTF-8"?>
<!-- Generated by org.testng.reporters.JUnitReportReporter -->
<testsuite hostname="DESKTOP-1CCS179" failures="0" tests="1" name="com.opencart.testLayer.AddressTest" time="7.054" errors="0" timestamp="2024-06-08T19:44:45 IST" skipped="0">
  <testcase classname="com.opencart.testLayer.AddressTest" name="addNewAddress" time="7.054"/>
  <system-out/>
</testsuite> <!-- com.opencart.testLayer.AddressTest -->
